#
# A fatal error has been detected by the Java Runtime Environment:
#
#  EXCEPTION_ACCESS_VIOLATION (0xc0000005) at pc=0x00007ff872c426c4, pid=9484, tid=11688
#
# JRE version: OpenJDK Runtime Environment (25.0+36) (build 25+36-3489)
# Java VM: OpenJDK 64-Bit Server VM (25+36-3489, mixed mode, sharing, tiered, compressed oops, compressed class ptrs, g1 gc, windows-amd64)
# Problematic frame:
# C  [libasyncProfiler.dll+0x926c4]
#
# No core dump will be written. Minidumps are not enabled by default on client versions of Windows
#
# JFR recording file will be written. Location: C:\Users\darys\IdeaProjects\gotosenior\hs_err_pid9484.jfr
#
# If you would like to submit a bug report, please visit:
#   https://bugreport.java.com/bugreport/crash.jsp
# The crash happened outside the Java Virtual Machine in native code.
# See problematic frame for where to report the bug.
#

---------------  S U M M A R Y ------------

Command Line: -javaagent:C:\Program Files\JetBrains\IntelliJ IDEA 2025.1.1.1\lib\idea_rt.jar=55840 -agentpath:C:\Users\darys\AppData\Local\Temp\idea_libasyncProfiler_dll_temp_folder\libasyncProfiler.dll=start,jfr,event=wall,interval=10ms,jfrsync=profile,cstack=no,file=C:\Users\darys\IdeaSnapshots\Main_2025_10_19_145450.jfr,dbghelppath=C:\Users\darys\AppData\Local\Temp\idea_dbghelp_dll_temp_folder\dbghelp.dll,log=C:\Users\darys\AppData\Local\Temp\Main_2025_10_19_145450.jfr.log.txt,logLevel=DEBUG -Dfile.encoding=UTF-8 -Dsun.stdout.encoding=UTF-8 -Dsun.stderr.encoding=UTF-8 com.ddv.Main

Host: AMD Ryzen 7 5700X3D 8-Core Processor           , 16 cores, 15G,  Windows 11 , 64 bit Build 26100 (10.0.26100.6725)
Time: Sun Oct 19 14:54:51 2025 elapsed time: 0.316943 seconds (0d 0h 0m 0s)

---------------  T H R E A D  ---------------

Current thread (0x000002683e29b7b0):  JavaThread "main"             [_thread_in_native, id=11688, stack(0x000000e376300000,0x000000e376400000) (1024K)]

Stack: [0x000000e376300000,0x000000e376400000],  sp=0x000000e3763febe0,  free space=1018k
Native frames: (J=compiled Java code, j=interpreted, Vv=VM code, C=native code)
C  [libasyncProfiler.dll+0x926c4]  (no source info available)
C  [libasyncProfiler.dll+0x92b9b]  (no source info available)
C  [libasyncProfiler.dll+0x917f4]  (no source info available)
C  [libasyncProfiler.dll+0x9206a]  (no source info available)
C  [libasyncProfiler.dll+0x8cc21]  (no source info available)
C  [libasyncProfiler.dll+0x7e5e1]  (no source info available)
C  [libasyncProfiler.dll+0x7d2f8]  (no source info available)
C  [libasyncProfiler.dll+0x7d1e0]  (no source info available)
C  [libasyncProfiler.dll+0x832fc]  (no source info available)
V  [jvm.dll+0x64ad5e]  (no source info available)
V  [jvm.dll+0x91078d]  (no source info available)
V  [jvm.dll+0x4f9001]  (no source info available)
V  [jvm.dll+0x4fa891]  (no source info available)
C  [jli.dll+0x543e]  (no source info available)
C  [ucrtbase.dll+0x37b0]  (no source info available)
C  [KERNEL32.DLL+0x2e8d7]  (no source info available)
C  [ntdll.dll+0x8c53c]  (no source info available)


siginfo: EXCEPTION_ACCESS_VIOLATION (0xc0000005), reading address 0xffffffffffffffff


Registers:
RAX=0x0000000000000010, RBX=0x0000000000000000, RCX=0xffffffffffffffff, RDX=0x007ff859e0652010
RSP=0x000000e3763febe0, RBP=0x0000026856683de8, RSI=0x000000e3763fed50, RDI=0x0000026856683de8
R8 =0x0000000000000042, R9 =0x0000000711001eb8, R10=0x00007ff85a08f340, R11=0x0000000000000002
R12=0x000000e3763fed50, R13=0x000002683326ad00, R14=0x000002683e29bbf8, R15=0x000002683e29bbf8
RIP=0x00007ff872c426c4, EFLAGS=0x0000000000010202

XMM[0]=0x0000000000000000 0x0000000000000000
XMM[1]=0x0000000000000000 0x0000000000000000
XMM[2]=0x0000000000000000 0x0000000000000000
XMM[3]=0x0000000000000000 0x0000000000000000
XMM[4]=0x0000000000000000 0x0000000000000000
XMM[5]=0x0000000000000000 0x0000000000000000
XMM[6]=0x0000000000000000 0x0000000000000000
XMM[7]=0x0000000000000000 0x0000000000000000
XMM[8]=0x0000000000000000 0x0000000000000000
XMM[9]=0x0000000000000000 0x0000000000000000
XMM[10]=0x0000000000000000 0x0000000000000000
XMM[11]=0x0000000000000000 0x0000000000000000
XMM[12]=0x0000000000000000 0x0000000000000000
XMM[13]=0x0000000000000000 0x0000000000000000
XMM[14]=0x0000000000000000 0x0000000000000000
XMM[15]=0x0000000000000000 0x0000000000000000
  MXCSR=0x00001fa0


Register to memory mapping:

RAX=0x0000000000000010 is an unknown value
RBX=0x0 is null
RCX=0xffffffffffffffff is an unknown value
RDX=0x007ff859e0652010 is an unknown value
RSP=0x000000e3763febe0 is pointing into the stack for thread: 0x000002683e29b7b0
RBP=0x0000026856683de8 points into unknown readable memory: 0x0000000711001eb8 | b8 1e 00 11 07 00 00 00
RSI=0x000000e3763fed50 is pointing into the stack for thread: 0x000002683e29b7b0
RDI=0x0000026856683de8 points into unknown readable memory: 0x0000000711001eb8 | b8 1e 00 11 07 00 00 00
R8 =0x0000000000000042 is an unknown value
R9 =0x0000000711001eb8 is an oop: java.lang.Thread 
{0x0000000711001eb8} - klass: 'java/lang/Thread' - flags: 

 - ---- fields (total size 14 words):
 - 'threadLocalRandomProbe' 'I' @12  0 (0x00000000)
 - private volatile 'eetop' 'J' @16  2646742775728 (0x000002683e29b7b0)
 - private final 'tid' 'J' @24  3 (0x0000000000000003)
 - 'threadLocalRandomSeed' 'J' @32  0 (0x0000000000000000)
 - injected 'jvmti_thread_state' 'J' @40  2647147123168 (0x00000268564391e0)
 - 'threadLocalRandomSecondarySeed' 'I' @48  0 (0x00000000)
 - injected 'jvmti_VTMS_transition_disable_count' 'I' @52  0 (0x00000000)
 - injected 'jfr_epoch' 'S' @56  0 (0x0000)
 - volatile 'interrupted' 'Z' @58  false (0x00)
 - injected 'jvmti_is_in_VTMS_transition' 'Z' @59  false (0x00)
 - private volatile 'name' 'Ljava/lang/String;' @60  "main"{0x0000000711001f28} (0xe22003e5)
 - private volatile 'contextClassLoader' 'Ljava/lang/ClassLoader;' @64  a 'jdk/internal/loader/ClassLoaders$AppClassLoader'{0x0000000711018208} (0xe2203041)
 - private final 'holder' 'Ljava/lang/Thread$FieldHolder;' @68  a 'java/lang/Thread$FieldHolder'{0x0000000711001f68} (0xe22003ed)
 - private 'threadLocals' 'Ljava/lang/ThreadLocal$ThreadLocalMap;' @72  null (0x00000000)
 - private 'inheritableThreadLocals' 'Ljava/lang/ThreadLocal$ThreadLocalMap;' @76  null (0x00000000)
 - private 'scopedValueBindings' 'Ljava/lang/Object;' @80  a 'java/lang/Class'{0x00000007ffe7f180} = 'java/lang/Thread' (0xfffcfe30)
 - final 'interruptLock' 'Ljava/lang/Object;' @84  a 'java/lang/Object'{0x0000000711001f58} (0xe22003eb)
 - private volatile 'parkBlocker' 'Ljava/lang/Object;' @88  null (0x00000000)
 - private 'nioBlocker' 'Lsun/nio/ch/Interruptible;' @92  null (0x00000000)
 - private 'cont' 'Ljdk/internal/vm/Continuation;' @96  null (0x00000000)
 - private volatile 'uncaughtExceptionHandler' 'Ljava/lang/Thread$UncaughtExceptionHandler;' @100  null (0x00000000)
 - private 'container' 'Ljdk/internal/vm/ThreadContainer;' @104  null (0x00000000)
 - private volatile 'headStackableScopes' 'Ljdk/internal/vm/StackableScope;' @108  null (0x00000000)
R10=0x00007ff85a08f340 jvm.dll
R11=0x0000000000000002 is an unknown value
R12=0x000000e3763fed50 is pointing into the stack for thread: 0x000002683e29b7b0
R13=0x000002683326ad00 points into unknown readable memory: 0x00007ff859fffbc0 | c0 fb ff 59 f8 7f 00 00
R14=0x000002683e29bbf8 points into unknown readable memory: 0x00007ff859ff6b50 | 50 6b ff 59 f8 7f 00 00
R15=0x000002683e29bbf8 points into unknown readable memory: 0x00007ff859ff6b50 | 50 6b ff 59 f8 7f 00 00

Top of Stack: (sp=0x000000e3763febe0)
0x000000e3763febe0:   000000e3763fed50 0000026856683de8   P.?v.....=hVh...
0x000000e3763febf0:   0000000000000000 000002683e29bf88   ..........)>h...
0x000000e3763fec00:   000000000000001d 00007ff872c42b9b   .........+.r....
0x000000e3763fec10:   0000000000000000 000002683e29bbf8   ..........)>h...
0x000000e3763fec20:   000000e3763fed01 0000000000000000   ..?v............
0x000000e3763fec30:   000002685c0dfd90 00007ff872c417f4   ...\h......r....
0x000000e3763fec40:   0000000000000000 000000000000001d   ................
0x000000e3763fec50:   0000000000000000 000000000000001d   ................
0x000000e3763fec60:   0000000900000003 0000026856ba36d0   .........6.Vh...
0x000000e3763fec70:   000002685c0dfd90 000002685c0dfe04   ...\h......\h...
0x000000e3763fec80:   000002685c0dfe38 0000026800003d10   8..\h....=..h...
0x000000e3763fec90:   0000000000000000 0000000000000000   ................
0x000000e3763feca0:   0000000000000000 00007ff8597f7134   ........4q.Y....
0x000000e3763fecb0:   00007ff872d84ca0 000000000000250c   .L.r.....%......
0x000000e3763fecc0:   00007ff872d84ca0 00000000ffffffff   .L.r............
0x000000e3763fecd0:   0000000000000000 00007ff872c4206a   ........j .r....
0x000000e3763fece0:   000002683e29bbf8 0000000000000000   ..)>h...........
0x000000e3763fecf0:   000000e3763fed59 000002683326ad00   Y.?v......&3h...
0x000000e3763fed00:   000002685cfab040 0000026833220000   @..\h....."3h...
0x000000e3763fed10:   000002685cfab040 00007ff92cee6389   @..\h....c.,....
0x000000e3763fed20:   000002683e29bbf8 00007ff872d84ca0   ..)>h....L.r....
0x000000e3763fed30:   00007ff872d2f0d8 00007ff872d2f0c8   ...r.......r....
0x000000e3763fed40:   0000000000000000 000002683e29bbf8   ..........)>h...
0x000000e3763fed50:   000002685c1a9220 000002685c1a95c0    ..\h......\h...
0x000000e3763fed60:   000002685c1a95c0 00007ff872d84ca0   ...\h....L.r....
0x000000e3763fed70:   0000026834d283e8 000000e3763feee8   ...4h.....?v....
0x000000e3763fed80:   000000e3763ff020 0000000000008840    .?v....@.......
0x000000e3763fed90:   00007ff872d77080 00007ff872d84cf0   .p.r.....L.r....
0x000000e3763feda0:   0000000000989680 0000000000989680   ................
0x000000e3763fedb0:   000000e3763feec0 00007ff872c3cc21   ..?v....!..r....
0x000000e3763fedc0:   00007ff872d84ca0 00007ff872d84cf8   .L.r.....L.r....
0x000000e3763fedd0:   00007ff800000000 003fb35900000001   ............Y.?.

Instructions: (pc=0x00007ff872c426c4)
  0x00007ff872c425c4:   cc cc cc cc cc cc cc cc cc cc cc cc cc cc cc cc
  0x00007ff872c425d4:   cc cc cc cc cc cc cc cc cc cc cc cc cc cc cc cc
  0x00007ff872c425e4:   cc cc cc cc cc cc cc cc cc cc cc cc cc cc cc cc
  0x00007ff872c425f4:   cc cc cc cc cc cc cc cc cc cc cc cc cc cc cc cc
  0x00007ff872c42604:   cc cc cc cc cc cc cc cc cc cc cc cc cc cc cc cc
  0x00007ff872c42614:   cc cc cc cc cc cc cc cc cc cc cc cc cc cc cc cc
  0x00007ff872c42624:   cc cc cc cc cc cc cc cc cc cc cc cc cc cc cc cc
  0x00007ff872c42634:   cc cc cc cc cc cc cc cc cc cc cc cc cc cc cc cc
  0x00007ff872c42644:   cc cc cc cc cc cc cc cc cc cc cc cc 40 57 48 83
  0x00007ff872c42654:   ec 20 48 8b f9 48 8b 0d 10 28 14 00 48 85 c9 74
  0x00007ff872c42664:   20 48 8b 01 48 8d 54 24 38 41 b8 06 00 01 00 4c
  0x00007ff872c42674:   8b 48 30 41 ff d1 85 c0 75 07 48 8b 4c 24 38 eb
  0x00007ff872c42684:   02 33 c9 4c 8b 05 ea 28 14 00 48 89 5c 24 30 4d
  0x00007ff872c42694:   85 c0 74 4a 48 8b 01 48 8b d7 4c 8b 88 28 03 00
  0x00007ff872c426a4:   00 41 ff d1 48 85 c0 74 35 48 63 0d f8 e6 13 00
  0x00007ff872c426b4:   48 8b 14 01 48 85 d2 74 15 48 63 05 fc e6 13 00
=>0x00007ff872c426c4:   8b 04 10 48 8b 5c 24 30 48 83 c4 20 5f c3 b8 ff
  0x00007ff872c426d4:   ff ff ff 48 8b 5c 24 30 48 83 c4 20 5f c3 80 3d
  0x00007ff872c426e4:   9b 27 14 00 00 bb ff ff ff ff 74 20 4c 8b 0d 31
  0x00007ff872c426f4:   24 14 00 4c 8d 44 24 38 48 8b 0d 15 24 14 00 48
  0x00007ff872c42704:   8b d7 41 ff d1 85 c0 0f 44 5c 24 38 8b c3 48 8b
  0x00007ff872c42714:   5c 24 30 48 83 c4 20 5f c3 cc cc cc cc cc cc cc
  0x00007ff872c42724:   cc cc cc cc cc cc cc cc cc cc cc cc cc cc cc cc
  0x00007ff872c42734:   cc cc cc cc cc cc cc cc cc cc cc cc cc cc cc cc
  0x00007ff872c42744:   cc cc cc cc cc cc cc cc cc cc cc cc 48 89 54 24
  0x00007ff872c42754:   10 53 55 56 57 41 56 41 57 48 83 ec 28 48 8b f2
  0x00007ff872c42764:   4c 8b f1 48 89 4c 24 78 45 33 ff 44 89 7c 24 68
  0x00007ff872c42774:   c7 44 24 60 01 00 00 00 48 8d 4c 24 68 e8 ed 42
  0x00007ff872c42784:   f7 ff 8b d8 48 8d 4c 24 60 e8 e1 42 f7 ff 8b e8
  0x00007ff872c42794:   49 8b ce e8 00 fc f6 ff 48 8b f8 90 8b c3 f0 0f
  0x00007ff872c427a4:   b1 2f 74 04 f3 90 eb f4 4c 89 3e 4c 89 7e 08 4c
  0x00007ff872c427b4:   89 7e 10 49 8b 6e 08 4d 8b 76 10 49 3b ee 0f 84


Stack slot to memory mapping:

stack at sp + 0 slots: 0x000000e3763fed50 is pointing into the stack for thread: 0x000002683e29b7b0
stack at sp + 1 slots: 0x0000026856683de8 points into unknown readable memory: 0x0000000711001eb8 | b8 1e 00 11 07 00 00 00
stack at sp + 2 slots: 0x0 is null
stack at sp + 3 slots: 0x000002683e29bf88 points into unknown readable memory: 0x6e616c2e6176616a | 6a 61 76 61 2e 6c 61 6e
stack at sp + 4 slots: 0x000000000000001d is an unknown value
stack at sp + 5 slots: 0x00007ff872c42b9b libasyncProfiler.dll
stack at sp + 6 slots: 0x0 is null
stack at sp + 7 slots: 0x000002683e29bbf8 points into unknown readable memory: 0x00007ff859ff6b50 | 50 6b ff 59 f8 7f 00 00

Lock stack of current Java thread (top to bottom):


---------------  P R O C E S S  ---------------

Threads class SMR info:
_java_thread_list=0x0000026856b83200, length=18, elements={
0x000002683e29b7b0, 0x000002683e413ab0, 0x000002683e4143c0, 0x000002683e4183b0,
0x000002683e41b4a0, 0x000002683e41cdf0, 0x000002683e41e870, 0x000002683e425510,
0x000002683e4342a0, 0x0000026856431820, 0x0000026856432030, 0x0000026856434070,
0x0000026856543540, 0x00000268565b9240, 0x0000026856435090, 0x0000026856a1b7e0,
0x00000268564370d0, 0x000002685c11c200
}

Java Threads: ( => current thread )
=>0x000002683e29b7b0 JavaThread "main"                              [_thread_in_native, id=11688, stack(0x000000e376300000,0x000000e376400000) (1024K)]
  0x000002683e413ab0 JavaThread "Reference Handler"          daemon [_thread_blocked, id=12652, stack(0x000000e376b00000,0x000000e376c00000) (1024K)]
  0x000002683e4143c0 JavaThread "Finalizer"                  daemon [_thread_blocked, id=37716, stack(0x000000e376c00000,0x000000e376d00000) (1024K)]
  0x000002683e4183b0 JavaThread "Signal Dispatcher"          daemon [_thread_blocked, id=19312, stack(0x000000e376d00000,0x000000e376e00000) (1024K)]
  0x000002683e41b4a0 JavaThread "Attach Listener"            daemon [_thread_blocked, id=10428, stack(0x000000e376e00000,0x000000e376f00000) (1024K)]
  0x000002683e41cdf0 JavaThread "Service Thread"             daemon [_thread_blocked, id=31584, stack(0x000000e376f00000,0x000000e377000000) (1024K)]
  0x000002683e41e870 JavaThread "Monitor Deflation Thread"   daemon [_thread_blocked, id=16980, stack(0x000000e377000000,0x000000e377100000) (1024K)]
  0x000002683e425510 JavaThread "C2 CompilerThread0"         daemon [_thread_blocked, id=14256, stack(0x000000e377100000,0x000000e377200000) (1024K)]
  0x000002683e4342a0 JavaThread "C1 CompilerThread0"         daemon [_thread_blocked, id=13276, stack(0x000000e377200000,0x000000e377300000) (1024K)]
  0x0000026856431820 JavaThread "C1 CompilerThread1"         daemon [_thread_blocked, id=24316, stack(0x000000e377300000,0x000000e377400000) (1024K)]
  0x0000026856432030 JavaThread "C1 CompilerThread2"         daemon [_thread_blocked, id=17588, stack(0x000000e377400000,0x000000e377500000) (1024K)]
  0x0000026856434070 JavaThread "C2 CompilerThread1"         daemon [_thread_blocked, id=26204, stack(0x000000e377500000,0x000000e377600000) (1024K)]
  0x0000026856543540 JavaThread "Common-Cleaner"             daemon [_thread_blocked, id=36848, stack(0x000000e377600000,0x000000e377700000) (1024K)]
  0x00000268565b9240 JavaThread "Monitor Ctrl-Break"         daemon [_thread_in_native, id=17580, stack(0x000000e377700000,0x000000e377800000) (1024K)]
  0x0000026856435090 JavaThread "C2 CompilerThread2"         daemon [_thread_blocked, id=23484, stack(0x000000e377800000,0x000000e377900000) (1024K)]
  0x0000026856a1b7e0 JavaThread "JFR Recorder Thread"        daemon [_thread_in_native, id=11008, stack(0x000000e377900000,0x000000e377a00000) (1024K)]
  0x00000268564370d0 JavaThread "C1 CompilerThread3"         daemon [_thread_blocked, id=17436, stack(0x000000e377a00000,0x000000e377b00000) (1024K)]
  0x000002685c11c200 JavaThread "JFR Periodic Tasks"         daemon [_thread_blocked, id=15632, stack(0x000000e377b00000,0x000000e377c00000) (1024K)]
Total: 18

Other Threads:
  0x000002683e3fc5f0 VMThread "VM Thread"                           [id=32404, stack(0x000000e376a00000,0x000000e376b00000) (1024K)]
  0x000002683e3a59c0 WatcherThread "VM Periodic Task Thread"        [id=3844, stack(0x000000e376900000,0x000000e376a00000) (1024K)]
  0x000002683e304ab0 WorkerThread "GC Thread#0"                     [id=31004, stack(0x000000e376400000,0x000000e376500000) (1024K)]
  0x000002683e31e8b0 ConcurrentGCThread "G1 Main Marker"            [id=15352, stack(0x000000e376500000,0x000000e376600000) (1024K)]
  0x000002683e31fbf0 WorkerThread "G1 Conc#0"                       [id=18380, stack(0x000000e376600000,0x000000e376700000) (1024K)]
  0x000002683e38fb80 ConcurrentGCThread "G1 Refine#0"               [id=38700, stack(0x000000e376700000,0x000000e376800000) (1024K)]
  0x000002683e390790 ConcurrentGCThread "G1 Service"                [id=23556, stack(0x000000e376800000,0x000000e376900000) (1024K)]
Total: 7

Threads with active compile tasks:
Total: 0

VM state: not at safepoint (normal execution)

VM Mutex/Monitor currently owned by a thread: None

Heap address: 0x0000000701200000, size: 4078 MB, Compressed Oops mode: Zero based, Oop shift amount: 3

CDS archive(s) mapped at: [0x0000000020000000-0x0000000020dd0000-0x0000000020dd0000), size 14483456, SharedBaseAddress: 0x0000000020000000, ArchiveRelocationMode: 1.
Compressed class space mapped at: 0x0000000021000000-0x0000000061000000, reserved size: 1073741824
UseCompressedClassPointers 1, UseCompactObjectHeaders 0
Narrow klass pointer bits 32, Max shift 3
Narrow klass base: 0x0000000020000000, Narrow klass shift: 0
Encoding Range: [0x0000000020000000 - 0x0000000120000000), (4294967296 bytes)
Klass Range:    [0x0000000020010000 - 0x0000000061000000), (1090453504 bytes)
Klass ID Range:  [65536 - 1090519033) (1090453497)
Protection zone: [0x0000000020000000 - 0x0000000020010000), (65536 bytes)

GC Precious Log:
 CardTable entry size: 512
 Card Set container configuration: InlinePtr #cards 4 size 8 Array Of Cards #cards 16 size 48 Howl #buckets 8 coarsen threshold 3686 Howl Bitmap #cards 512 size 80 coarsen threshold 460 Card regions per heap region 1 cards per card region 4096
 CPUs: 16 total, 16 available
 Memory: 16307M
 Large Page Support: Disabled
 NUMA Support: Disabled
 Compressed Oops: Enabled (Zero based)
 Heap Region Size: 2M
 Heap Min Capacity: 8M
 Heap Initial Capacity: 256M
 Heap Max Capacity: 4078M
 Pre-touch: Disabled
 Parallel Workers: 13
 Concurrent Workers: 3
 Concurrent Refinement Workers: 13
 Periodic GC: Disabled

Heap:
 garbage-first heap   total reserved 4175872K, committed 264192K, used 17555K [0x0000000701200000, 0x0000000800000000)
  region size 2048K, 10 young (20480K), 0 survivors (0K)

Heap Regions: E=young(eden), S=young(survivor), O=old, HS=humongous(starts), HC=humongous(continues), CS=collection set, F=free, TAMS=top-at-mark-start, PB=parsable bottom
|   0|0x0000000701200000, 0x0000000701200000, 0x0000000701400000|  0%| F|  |TAMS 0x0000000701200000| PB 0x0000000701200000| Untracked |  0
|   1|0x0000000701400000, 0x0000000701400000, 0x0000000701600000|  0%| F|  |TAMS 0x0000000701400000| PB 0x0000000701400000| Untracked |  0
|   2|0x0000000701600000, 0x0000000701600000, 0x0000000701800000|  0%| F|  |TAMS 0x0000000701600000| PB 0x0000000701600000| Untracked |  0
|   3|0x0000000701800000, 0x0000000701800000, 0x0000000701a00000|  0%| F|  |TAMS 0x0000000701800000| PB 0x0000000701800000| Untracked |  0
|   4|0x0000000701a00000, 0x0000000701a00000, 0x0000000701c00000|  0%| F|  |TAMS 0x0000000701a00000| PB 0x0000000701a00000| Untracked |  0
|   5|0x0000000701c00000, 0x0000000701c00000, 0x0000000701e00000|  0%| F|  |TAMS 0x0000000701c00000| PB 0x0000000701c00000| Untracked |  0
|   6|0x0000000701e00000, 0x0000000701e00000, 0x0000000702000000|  0%| F|  |TAMS 0x0000000701e00000| PB 0x0000000701e00000| Untracked |  0
|   7|0x0000000702000000, 0x0000000702000000, 0x0000000702200000|  0%| F|  |TAMS 0x0000000702000000| PB 0x0000000702000000| Untracked |  0
|   8|0x0000000702200000, 0x0000000702200000, 0x0000000702400000|  0%| F|  |TAMS 0x0000000702200000| PB 0x0000000702200000| Untracked |  0
|   9|0x0000000702400000, 0x0000000702400000, 0x0000000702600000|  0%| F|  |TAMS 0x0000000702400000| PB 0x0000000702400000| Untracked |  0
|  10|0x0000000702600000, 0x0000000702600000, 0x0000000702800000|  0%| F|  |TAMS 0x0000000702600000| PB 0x0000000702600000| Untracked |  0
|  11|0x0000000702800000, 0x0000000702800000, 0x0000000702a00000|  0%| F|  |TAMS 0x0000000702800000| PB 0x0000000702800000| Untracked |  0
|  12|0x0000000702a00000, 0x0000000702a00000, 0x0000000702c00000|  0%| F|  |TAMS 0x0000000702a00000| PB 0x0000000702a00000| Untracked |  0
|  13|0x0000000702c00000, 0x0000000702c00000, 0x0000000702e00000|  0%| F|  |TAMS 0x0000000702c00000| PB 0x0000000702c00000| Untracked |  0
|  14|0x0000000702e00000, 0x0000000702e00000, 0x0000000703000000|  0%| F|  |TAMS 0x0000000702e00000| PB 0x0000000702e00000| Untracked |  0
|  15|0x0000000703000000, 0x0000000703000000, 0x0000000703200000|  0%| F|  |TAMS 0x0000000703000000| PB 0x0000000703000000| Untracked |  0
|  16|0x0000000703200000, 0x0000000703200000, 0x0000000703400000|  0%| F|  |TAMS 0x0000000703200000| PB 0x0000000703200000| Untracked |  0
|  17|0x0000000703400000, 0x0000000703400000, 0x0000000703600000|  0%| F|  |TAMS 0x0000000703400000| PB 0x0000000703400000| Untracked |  0
|  18|0x0000000703600000, 0x0000000703600000, 0x0000000703800000|  0%| F|  |TAMS 0x0000000703600000| PB 0x0000000703600000| Untracked |  0
|  19|0x0000000703800000, 0x0000000703800000, 0x0000000703a00000|  0%| F|  |TAMS 0x0000000703800000| PB 0x0000000703800000| Untracked |  0
|  20|0x0000000703a00000, 0x0000000703a00000, 0x0000000703c00000|  0%| F|  |TAMS 0x0000000703a00000| PB 0x0000000703a00000| Untracked |  0
|  21|0x0000000703c00000, 0x0000000703c00000, 0x0000000703e00000|  0%| F|  |TAMS 0x0000000703c00000| PB 0x0000000703c00000| Untracked |  0
|  22|0x0000000703e00000, 0x0000000703e00000, 0x0000000704000000|  0%| F|  |TAMS 0x0000000703e00000| PB 0x0000000703e00000| Untracked |  0
|  23|0x0000000704000000, 0x0000000704000000, 0x0000000704200000|  0%| F|  |TAMS 0x0000000704000000| PB 0x0000000704000000| Untracked |  0
|  24|0x0000000704200000, 0x0000000704200000, 0x0000000704400000|  0%| F|  |TAMS 0x0000000704200000| PB 0x0000000704200000| Untracked |  0
|  25|0x0000000704400000, 0x0000000704400000, 0x0000000704600000|  0%| F|  |TAMS 0x0000000704400000| PB 0x0000000704400000| Untracked |  0
|  26|0x0000000704600000, 0x0000000704600000, 0x0000000704800000|  0%| F|  |TAMS 0x0000000704600000| PB 0x0000000704600000| Untracked |  0
|  27|0x0000000704800000, 0x0000000704800000, 0x0000000704a00000|  0%| F|  |TAMS 0x0000000704800000| PB 0x0000000704800000| Untracked |  0
|  28|0x0000000704a00000, 0x0000000704a00000, 0x0000000704c00000|  0%| F|  |TAMS 0x0000000704a00000| PB 0x0000000704a00000| Untracked |  0
|  29|0x0000000704c00000, 0x0000000704c00000, 0x0000000704e00000|  0%| F|  |TAMS 0x0000000704c00000| PB 0x0000000704c00000| Untracked |  0
|  30|0x0000000704e00000, 0x0000000704e00000, 0x0000000705000000|  0%| F|  |TAMS 0x0000000704e00000| PB 0x0000000704e00000| Untracked |  0
|  31|0x0000000705000000, 0x0000000705000000, 0x0000000705200000|  0%| F|  |TAMS 0x0000000705000000| PB 0x0000000705000000| Untracked |  0
|  32|0x0000000705200000, 0x0000000705200000, 0x0000000705400000|  0%| F|  |TAMS 0x0000000705200000| PB 0x0000000705200000| Untracked |  0
|  33|0x0000000705400000, 0x0000000705400000, 0x0000000705600000|  0%| F|  |TAMS 0x0000000705400000| PB 0x0000000705400000| Untracked |  0
|  34|0x0000000705600000, 0x0000000705600000, 0x0000000705800000|  0%| F|  |TAMS 0x0000000705600000| PB 0x0000000705600000| Untracked |  0
|  35|0x0000000705800000, 0x0000000705800000, 0x0000000705a00000|  0%| F|  |TAMS 0x0000000705800000| PB 0x0000000705800000| Untracked |  0
|  36|0x0000000705a00000, 0x0000000705a00000, 0x0000000705c00000|  0%| F|  |TAMS 0x0000000705a00000| PB 0x0000000705a00000| Untracked |  0
|  37|0x0000000705c00000, 0x0000000705c00000, 0x0000000705e00000|  0%| F|  |TAMS 0x0000000705c00000| PB 0x0000000705c00000| Untracked |  0
|  38|0x0000000705e00000, 0x0000000705e00000, 0x0000000706000000|  0%| F|  |TAMS 0x0000000705e00000| PB 0x0000000705e00000| Untracked |  0
|  39|0x0000000706000000, 0x0000000706000000, 0x0000000706200000|  0%| F|  |TAMS 0x0000000706000000| PB 0x0000000706000000| Untracked |  0
|  40|0x0000000706200000, 0x0000000706200000, 0x0000000706400000|  0%| F|  |TAMS 0x0000000706200000| PB 0x0000000706200000| Untracked |  0
|  41|0x0000000706400000, 0x0000000706400000, 0x0000000706600000|  0%| F|  |TAMS 0x0000000706400000| PB 0x0000000706400000| Untracked |  0
|  42|0x0000000706600000, 0x0000000706600000, 0x0000000706800000|  0%| F|  |TAMS 0x0000000706600000| PB 0x0000000706600000| Untracked |  0
|  43|0x0000000706800000, 0x0000000706800000, 0x0000000706a00000|  0%| F|  |TAMS 0x0000000706800000| PB 0x0000000706800000| Untracked |  0
|  44|0x0000000706a00000, 0x0000000706a00000, 0x0000000706c00000|  0%| F|  |TAMS 0x0000000706a00000| PB 0x0000000706a00000| Untracked |  0
|  45|0x0000000706c00000, 0x0000000706c00000, 0x0000000706e00000|  0%| F|  |TAMS 0x0000000706c00000| PB 0x0000000706c00000| Untracked |  0
|  46|0x0000000706e00000, 0x0000000706e00000, 0x0000000707000000|  0%| F|  |TAMS 0x0000000706e00000| PB 0x0000000706e00000| Untracked |  0
|  47|0x0000000707000000, 0x0000000707000000, 0x0000000707200000|  0%| F|  |TAMS 0x0000000707000000| PB 0x0000000707000000| Untracked |  0
|  48|0x0000000707200000, 0x0000000707200000, 0x0000000707400000|  0%| F|  |TAMS 0x0000000707200000| PB 0x0000000707200000| Untracked |  0
|  49|0x0000000707400000, 0x0000000707400000, 0x0000000707600000|  0%| F|  |TAMS 0x0000000707400000| PB 0x0000000707400000| Untracked |  0
|  50|0x0000000707600000, 0x0000000707600000, 0x0000000707800000|  0%| F|  |TAMS 0x0000000707600000| PB 0x0000000707600000| Untracked |  0
|  51|0x0000000707800000, 0x0000000707800000, 0x0000000707a00000|  0%| F|  |TAMS 0x0000000707800000| PB 0x0000000707800000| Untracked |  0
|  52|0x0000000707a00000, 0x0000000707a00000, 0x0000000707c00000|  0%| F|  |TAMS 0x0000000707a00000| PB 0x0000000707a00000| Untracked |  0
|  53|0x0000000707c00000, 0x0000000707c00000, 0x0000000707e00000|  0%| F|  |TAMS 0x0000000707c00000| PB 0x0000000707c00000| Untracked |  0
|  54|0x0000000707e00000, 0x0000000707e00000, 0x0000000708000000|  0%| F|  |TAMS 0x0000000707e00000| PB 0x0000000707e00000| Untracked |  0
|  55|0x0000000708000000, 0x0000000708000000, 0x0000000708200000|  0%| F|  |TAMS 0x0000000708000000| PB 0x0000000708000000| Untracked |  0
|  56|0x0000000708200000, 0x0000000708200000, 0x0000000708400000|  0%| F|  |TAMS 0x0000000708200000| PB 0x0000000708200000| Untracked |  0
|  57|0x0000000708400000, 0x0000000708400000, 0x0000000708600000|  0%| F|  |TAMS 0x0000000708400000| PB 0x0000000708400000| Untracked |  0
|  58|0x0000000708600000, 0x0000000708600000, 0x0000000708800000|  0%| F|  |TAMS 0x0000000708600000| PB 0x0000000708600000| Untracked |  0
|  59|0x0000000708800000, 0x0000000708800000, 0x0000000708a00000|  0%| F|  |TAMS 0x0000000708800000| PB 0x0000000708800000| Untracked |  0
|  60|0x0000000708a00000, 0x0000000708a00000, 0x0000000708c00000|  0%| F|  |TAMS 0x0000000708a00000| PB 0x0000000708a00000| Untracked |  0
|  61|0x0000000708c00000, 0x0000000708c00000, 0x0000000708e00000|  0%| F|  |TAMS 0x0000000708c00000| PB 0x0000000708c00000| Untracked |  0
|  62|0x0000000708e00000, 0x0000000708e00000, 0x0000000709000000|  0%| F|  |TAMS 0x0000000708e00000| PB 0x0000000708e00000| Untracked |  0
|  63|0x0000000709000000, 0x0000000709000000, 0x0000000709200000|  0%| F|  |TAMS 0x0000000709000000| PB 0x0000000709000000| Untracked |  0
|  64|0x0000000709200000, 0x0000000709200000, 0x0000000709400000|  0%| F|  |TAMS 0x0000000709200000| PB 0x0000000709200000| Untracked |  0
|  65|0x0000000709400000, 0x0000000709400000, 0x0000000709600000|  0%| F|  |TAMS 0x0000000709400000| PB 0x0000000709400000| Untracked |  0
|  66|0x0000000709600000, 0x0000000709600000, 0x0000000709800000|  0%| F|  |TAMS 0x0000000709600000| PB 0x0000000709600000| Untracked |  0
|  67|0x0000000709800000, 0x0000000709800000, 0x0000000709a00000|  0%| F|  |TAMS 0x0000000709800000| PB 0x0000000709800000| Untracked |  0
|  68|0x0000000709a00000, 0x0000000709a00000, 0x0000000709c00000|  0%| F|  |TAMS 0x0000000709a00000| PB 0x0000000709a00000| Untracked |  0
|  69|0x0000000709c00000, 0x0000000709c00000, 0x0000000709e00000|  0%| F|  |TAMS 0x0000000709c00000| PB 0x0000000709c00000| Untracked |  0
|  70|0x0000000709e00000, 0x0000000709e00000, 0x000000070a000000|  0%| F|  |TAMS 0x0000000709e00000| PB 0x0000000709e00000| Untracked |  0
|  71|0x000000070a000000, 0x000000070a000000, 0x000000070a200000|  0%| F|  |TAMS 0x000000070a000000| PB 0x000000070a000000| Untracked |  0
|  72|0x000000070a200000, 0x000000070a200000, 0x000000070a400000|  0%| F|  |TAMS 0x000000070a200000| PB 0x000000070a200000| Untracked |  0
|  73|0x000000070a400000, 0x000000070a400000, 0x000000070a600000|  0%| F|  |TAMS 0x000000070a400000| PB 0x000000070a400000| Untracked |  0
|  74|0x000000070a600000, 0x000000070a600000, 0x000000070a800000|  0%| F|  |TAMS 0x000000070a600000| PB 0x000000070a600000| Untracked |  0
|  75|0x000000070a800000, 0x000000070a800000, 0x000000070aa00000|  0%| F|  |TAMS 0x000000070a800000| PB 0x000000070a800000| Untracked |  0
|  76|0x000000070aa00000, 0x000000070aa00000, 0x000000070ac00000|  0%| F|  |TAMS 0x000000070aa00000| PB 0x000000070aa00000| Untracked |  0
|  77|0x000000070ac00000, 0x000000070ac00000, 0x000000070ae00000|  0%| F|  |TAMS 0x000000070ac00000| PB 0x000000070ac00000| Untracked |  0
|  78|0x000000070ae00000, 0x000000070ae00000, 0x000000070b000000|  0%| F|  |TAMS 0x000000070ae00000| PB 0x000000070ae00000| Untracked |  0
|  79|0x000000070b000000, 0x000000070b000000, 0x000000070b200000|  0%| F|  |TAMS 0x000000070b000000| PB 0x000000070b000000| Untracked |  0
|  80|0x000000070b200000, 0x000000070b200000, 0x000000070b400000|  0%| F|  |TAMS 0x000000070b200000| PB 0x000000070b200000| Untracked |  0
|  81|0x000000070b400000, 0x000000070b400000, 0x000000070b600000|  0%| F|  |TAMS 0x000000070b400000| PB 0x000000070b400000| Untracked |  0
|  82|0x000000070b600000, 0x000000070b600000, 0x000000070b800000|  0%| F|  |TAMS 0x000000070b600000| PB 0x000000070b600000| Untracked |  0
|  83|0x000000070b800000, 0x000000070b800000, 0x000000070ba00000|  0%| F|  |TAMS 0x000000070b800000| PB 0x000000070b800000| Untracked |  0
|  84|0x000000070ba00000, 0x000000070ba00000, 0x000000070bc00000|  0%| F|  |TAMS 0x000000070ba00000| PB 0x000000070ba00000| Untracked |  0
|  85|0x000000070bc00000, 0x000000070bc00000, 0x000000070be00000|  0%| F|  |TAMS 0x000000070bc00000| PB 0x000000070bc00000| Untracked |  0
|  86|0x000000070be00000, 0x000000070be00000, 0x000000070c000000|  0%| F|  |TAMS 0x000000070be00000| PB 0x000000070be00000| Untracked |  0
|  87|0x000000070c000000, 0x000000070c000000, 0x000000070c200000|  0%| F|  |TAMS 0x000000070c000000| PB 0x000000070c000000| Untracked |  0
|  88|0x000000070c200000, 0x000000070c200000, 0x000000070c400000|  0%| F|  |TAMS 0x000000070c200000| PB 0x000000070c200000| Untracked |  0
|  89|0x000000070c400000, 0x000000070c400000, 0x000000070c600000|  0%| F|  |TAMS 0x000000070c400000| PB 0x000000070c400000| Untracked |  0
|  90|0x000000070c600000, 0x000000070c600000, 0x000000070c800000|  0%| F|  |TAMS 0x000000070c600000| PB 0x000000070c600000| Untracked |  0
|  91|0x000000070c800000, 0x000000070c800000, 0x000000070ca00000|  0%| F|  |TAMS 0x000000070c800000| PB 0x000000070c800000| Untracked |  0
|  92|0x000000070ca00000, 0x000000070ca00000, 0x000000070cc00000|  0%| F|  |TAMS 0x000000070ca00000| PB 0x000000070ca00000| Untracked |  0
|  93|0x000000070cc00000, 0x000000070cc00000, 0x000000070ce00000|  0%| F|  |TAMS 0x000000070cc00000| PB 0x000000070cc00000| Untracked |  0
|  94|0x000000070ce00000, 0x000000070ce00000, 0x000000070d000000|  0%| F|  |TAMS 0x000000070ce00000| PB 0x000000070ce00000| Untracked |  0
|  95|0x000000070d000000, 0x000000070d000000, 0x000000070d200000|  0%| F|  |TAMS 0x000000070d000000| PB 0x000000070d000000| Untracked |  0
|  96|0x000000070d200000, 0x000000070d200000, 0x000000070d400000|  0%| F|  |TAMS 0x000000070d200000| PB 0x000000070d200000| Untracked |  0
|  97|0x000000070d400000, 0x000000070d400000, 0x000000070d600000|  0%| F|  |TAMS 0x000000070d400000| PB 0x000000070d400000| Untracked |  0
|  98|0x000000070d600000, 0x000000070d600000, 0x000000070d800000|  0%| F|  |TAMS 0x000000070d600000| PB 0x000000070d600000| Untracked |  0
|  99|0x000000070d800000, 0x000000070d800000, 0x000000070da00000|  0%| F|  |TAMS 0x000000070d800000| PB 0x000000070d800000| Untracked |  0
| 100|0x000000070da00000, 0x000000070da00000, 0x000000070dc00000|  0%| F|  |TAMS 0x000000070da00000| PB 0x000000070da00000| Untracked |  0
| 101|0x000000070dc00000, 0x000000070dc00000, 0x000000070de00000|  0%| F|  |TAMS 0x000000070dc00000| PB 0x000000070dc00000| Untracked |  0
| 102|0x000000070de00000, 0x000000070de00000, 0x000000070e000000|  0%| F|  |TAMS 0x000000070de00000| PB 0x000000070de00000| Untracked |  0
| 103|0x000000070e000000, 0x000000070e000000, 0x000000070e200000|  0%| F|  |TAMS 0x000000070e000000| PB 0x000000070e000000| Untracked |  0
| 104|0x000000070e200000, 0x000000070e200000, 0x000000070e400000|  0%| F|  |TAMS 0x000000070e200000| PB 0x000000070e200000| Untracked |  0
| 105|0x000000070e400000, 0x000000070e400000, 0x000000070e600000|  0%| F|  |TAMS 0x000000070e400000| PB 0x000000070e400000| Untracked |  0
| 106|0x000000070e600000, 0x000000070e600000, 0x000000070e800000|  0%| F|  |TAMS 0x000000070e600000| PB 0x000000070e600000| Untracked |  0
| 107|0x000000070e800000, 0x000000070e800000, 0x000000070ea00000|  0%| F|  |TAMS 0x000000070e800000| PB 0x000000070e800000| Untracked |  0
| 108|0x000000070ea00000, 0x000000070ea00000, 0x000000070ec00000|  0%| F|  |TAMS 0x000000070ea00000| PB 0x000000070ea00000| Untracked |  0
| 109|0x000000070ec00000, 0x000000070ec00000, 0x000000070ee00000|  0%| F|  |TAMS 0x000000070ec00000| PB 0x000000070ec00000| Untracked |  0
| 110|0x000000070ee00000, 0x000000070ee00000, 0x000000070f000000|  0%| F|  |TAMS 0x000000070ee00000| PB 0x000000070ee00000| Untracked |  0
| 111|0x000000070f000000, 0x000000070f000000, 0x000000070f200000|  0%| F|  |TAMS 0x000000070f000000| PB 0x000000070f000000| Untracked |  0
| 112|0x000000070f200000, 0x000000070f200000, 0x000000070f400000|  0%| F|  |TAMS 0x000000070f200000| PB 0x000000070f200000| Untracked |  0
| 113|0x000000070f400000, 0x000000070f400000, 0x000000070f600000|  0%| F|  |TAMS 0x000000070f400000| PB 0x000000070f400000| Untracked |  0
| 114|0x000000070f600000, 0x000000070f600000, 0x000000070f800000|  0%| F|  |TAMS 0x000000070f600000| PB 0x000000070f600000| Untracked |  0
| 115|0x000000070f800000, 0x000000070f800000, 0x000000070fa00000|  0%| F|  |TAMS 0x000000070f800000| PB 0x000000070f800000| Untracked |  0
| 116|0x000000070fa00000, 0x000000070fa00000, 0x000000070fc00000|  0%| F|  |TAMS 0x000000070fa00000| PB 0x000000070fa00000| Untracked |  0
| 117|0x000000070fc00000, 0x000000070fc00000, 0x000000070fe00000|  0%| F|  |TAMS 0x000000070fc00000| PB 0x000000070fc00000| Untracked |  0
| 118|0x000000070fe00000, 0x000000070fef5c50, 0x0000000710000000| 48%| E|  |TAMS 0x000000070fe00000| PB 0x000000070fe00000| Complete |  0
| 119|0x0000000710000000, 0x0000000710200000, 0x0000000710200000|100%| E|CS|TAMS 0x0000000710000000| PB 0x0000000710000000| Complete |  0
| 120|0x0000000710200000, 0x0000000710400000, 0x0000000710400000|100%| E|CS|TAMS 0x0000000710200000| PB 0x0000000710200000| Complete |  0
| 121|0x0000000710400000, 0x0000000710600000, 0x0000000710600000|100%| E|CS|TAMS 0x0000000710400000| PB 0x0000000710400000| Complete |  0
| 122|0x0000000710600000, 0x0000000710800000, 0x0000000710800000|100%| E|CS|TAMS 0x0000000710600000| PB 0x0000000710600000| Complete |  0
| 123|0x0000000710800000, 0x0000000710a00000, 0x0000000710a00000|100%| E|CS|TAMS 0x0000000710800000| PB 0x0000000710800000| Complete |  0
| 124|0x0000000710a00000, 0x0000000710c00000, 0x0000000710c00000|100%| E|CS|TAMS 0x0000000710a00000| PB 0x0000000710a00000| Complete |  0
| 125|0x0000000710c00000, 0x0000000710e00000, 0x0000000710e00000|100%| E|  |TAMS 0x0000000710c00000| PB 0x0000000710c00000| Complete |  0
| 126|0x0000000710e00000, 0x0000000711000000, 0x0000000711000000|100%| E|CS|TAMS 0x0000000710e00000| PB 0x0000000710e00000| Complete |  0
| 127|0x0000000711000000, 0x0000000711200000, 0x0000000711200000|100%| E|CS|TAMS 0x0000000711000000| PB 0x0000000711000000| Complete |  0
|2038|0x00000007ffe00000, 0x00000007fff24e30, 0x0000000800000000| 57%| O|  |TAMS 0x00000007ffe00000| PB 0x00000007ffe00000| Untracked |  0

Card table byte_map: [0x000002684ec00000,0x000002684f400000] _byte_map_base: 0x000002684b3f7000

Marking Bits: (CMBitMap*) 0x000002683e305240
 Bits: [0x000002684f400000, 0x00000268533b8000)

Polling page: 0x0000026833200000

Metaspace:
Metaspace        used 3337K, committed 3520K, reserved 1114112K
 class space     used 271K, committed 384K, reserved 1048576K

Usage:
  Non-class:      2.99 MB used.
      Class:    271.40 KB used.
       Both:      3.26 MB used.

Virtual space:
  Non-class space:       64.00 MB reserved,       3.06 MB (  5%) committed,  1 nodes.
      Class space:        1.00 GB reserved,     384.00 KB ( <1%) committed,  1 nodes.
             Both:        1.06 GB reserved,       3.44 MB ( <1%) committed. 

Chunk freelists:
   Non-Class:  11.94 MB
       Class:  15.60 MB
        Both:  27.54 MB

MaxMetaspaceSize: unlimited
CompressedClassSpaceSize: 1.00 GB
Initial GC threshold: 21.00 MB
Current GC threshold: 21.00 MB
CDS: on
 - commit_granule_bytes: 65536.
 - commit_granule_words: 8192.
 - virtual_space_node_default_size: 8388608.
 - enlarge_chunks_in_place: 1.
UseCompressedClassPointers 1, UseCompactObjectHeaders 0
Narrow klass pointer bits 32, Max shift 3
Narrow klass base: 0x0000000020000000, Narrow klass shift: 0
Encoding Range: [0x0000000020000000 - 0x0000000120000000), (4294967296 bytes)
Klass Range:    [0x0000000020010000 - 0x0000000061000000), (1090453504 bytes)
Klass ID Range:  [65536 - 1090519033) (1090453497)
Protection zone: [0x0000000020000000 - 0x0000000020010000), (65536 bytes)


Internal statistics:

num_allocs_failed_limit: 0.
num_arena_births: 50.
num_arena_deaths: 0.
num_vsnodes_births: 2.
num_vsnodes_deaths: 0.
num_space_committed: 55.
num_space_uncommitted: 0.
num_chunks_returned_to_freelist: 0.
num_chunks_taken_from_freelist: 53.
num_chunk_merges: 0.
num_chunk_splits: 38.
num_chunks_enlarged: 23.
num_inconsistent_stats: 0.

CodeHeap 'non-profiled nmethods': size=119232Kb used=385Kb max_used=385Kb free=118846Kb
 bounds [0x0000026845fd0000, 0x0000026846240000, 0x000002684d440000]
CodeHeap 'profiled nmethods': size=119104Kb used=1876Kb max_used=1876Kb free=117227Kb
 bounds [0x000002683e440000, 0x000002683e6b0000, 0x0000026845890000]
CodeHeap 'non-nmethods': size=7424Kb used=3028Kb max_used=3071Kb free=4395Kb
 bounds [0x0000026845890000, 0x0000026845ba0000, 0x0000026845fd0000]
CodeCache: size=245760Kb, used=5289Kb, max_used=5332Kb, free=240468Kb
 total_blobs=1848, nmethods=1376, adapters=373, full_count=0
Compilation: enabled, stopped_count=0, restarted_count=0

Compilation events (20 events):
Event: 0.260 Thread 0x000002683e4342a0 nmethod 1372 0x000002683e612388 code [0x000002683e612480, 0x000002683e612a30]
Event: 0.260 Thread 0x00000268564370d0 nmethod 1368 0x000002683e612a88 code [0x000002683e612b80, 0x000002683e613a38]
Event: 0.260 Thread 0x0000026856431820 nmethod 1371 0x000002683e613a88 code [0x000002683e613b80, 0x000002683e614c30]
Event: 0.260 Thread 0x0000026856435090 nmethod 1335 0x000002684602ac88 code [0x000002684602ad80, 0x000002684602c3b8]
Event: 0.260 Thread 0x0000026856435090 1354       4       java.lang.StringLatin1::indexOf (121 bytes)
Event: 0.261 Thread 0x0000026856434070 nmethod 1343 0x000002684602c408 code [0x000002684602c500, 0x000002684602cd48]
Event: 0.261 Thread 0x0000026856434070 1342       4       java.io.DataOutputStream::incCount (20 bytes)
Event: 0.262 Thread 0x0000026856434070 nmethod 1342 0x000002684602cd88 code [0x000002684602ce80, 0x000002684602cf20]
Event: 0.262 Thread 0x0000026856434070 1334       4       java.io.ByteArrayOutputStream::ensureCapacity (32 bytes)
Event: 0.262 Thread 0x0000026856431820 1374       1       jdk.jfr.internal.periodic.EventTask::getEventType (5 bytes)
Event: 0.262 Thread 0x0000026856431820 nmethod 1374 0x000002684602d088 code [0x000002684602d180, 0x000002684602d248]
Event: 0.262 Thread 0x0000026856432030 1375       1       jdk.jfr.internal.periodic.PeriodicTask::getPeriod (5 bytes)
Event: 0.262 Thread 0x0000026856431820 1376       3       java.util.Comparator::lambda$comparingLong$6043328a$1 (18 bytes)
Event: 0.262 Thread 0x0000026856432030 nmethod 1375 0x000002684602d388 code [0x000002684602d480, 0x000002684602d548]
Event: 0.262 Thread 0x0000026856434070 nmethod 1334 0x000002684602d688 code [0x000002684602d780, 0x000002684602d9b0]
Event: 0.262 Thread 0x0000026856434070 1340       4       java.util.LinkedHashMap::get (29 bytes)
Event: 0.263 Thread 0x0000026856431820 nmethod 1376 0x000002683e614c88 code [0x000002683e614d80, 0x000002683e615168]
Event: 0.265 Thread 0x0000026856435090 nmethod 1354 0x000002684602da08 code [0x000002684602db00, 0x000002684602e070]
Event: 0.269 Thread 0x0000026856434070 nmethod 1340 0x000002684602e088 code [0x000002684602e180, 0x000002684602ea60]
Event: 0.275 Thread 0x000002683e425510 nmethod 1321 0x000002684602ea88 code [0x000002684602eb80, 0x0000026846030490]

GC Heap Usage History (0 events):
No events

Metaspace Usage History (0 events):
No events

Dll operation events (8 events):
Event: 0.020 Loaded shared library C:\Users\darys\.jdks\openjdk-25\bin\java.dll
Event: 0.057 Loaded shared library C:\Users\darys\.jdks\openjdk-25\bin\zip.dll
Event: 0.058 Loaded shared library C:\Users\darys\.jdks\openjdk-25\bin\instrument.dll
Event: 0.062 Loaded shared library C:\Users\darys\.jdks\openjdk-25\bin\net.dll
Event: 0.064 Loaded shared library C:\Users\darys\.jdks\openjdk-25\bin\nio.dll
Event: 0.067 Loaded shared library C:\Users\darys\.jdks\openjdk-25\bin\zip.dll
Event: 0.084 Loaded shared library C:\Users\darys\.jdks\openjdk-25\bin\extnet.dll
Event: 0.122 Loaded shared library C:\Users\darys\.jdks\openjdk-25\bin\jimage.dll

Deoptimization events (20 events):
Event: 0.213 Thread 0x000002683e29b7b0 Uncommon trap: trap_request=0xffffffde fr.pc=0x0000026846008878 relative=0x0000000000000078
Event: 0.213 Thread 0x000002683e29b7b0 Uncommon trap: reason=class_check action=maybe_recompile pc=0x0000026846008878 method=jdk.jfr.EventSettings$InternalAccess.getType(Ljava/lang/Object;)Ljdk/jfr/internal/Type; @ 18 c2
Event: 0.213 Thread 0x000002683e29b7b0 DEOPT PACKING pc=0x0000026846008878 sp=0x000000e3763fe440
Event: 0.213 Thread 0x000002683e29b7b0 DEOPT UNPACKING pc=0x00000268459afc82 sp=0x000000e3763fe3d8 mode 2
Event: 0.213 Thread 0x000002683e29b7b0 Uncommon trap: trap_request=0xffffffde fr.pc=0x0000026846008878 relative=0x0000000000000078
Event: 0.213 Thread 0x000002683e29b7b0 Uncommon trap: reason=class_check action=maybe_recompile pc=0x0000026846008878 method=jdk.jfr.EventSettings$InternalAccess.getType(Ljava/lang/Object;)Ljdk/jfr/internal/Type; @ 18 c2
Event: 0.213 Thread 0x000002683e29b7b0 DEOPT PACKING pc=0x0000026846008878 sp=0x000000e3763fe440
Event: 0.213 Thread 0x000002683e29b7b0 DEOPT UNPACKING pc=0x00000268459afc82 sp=0x000000e3763fe3d8 mode 2
Event: 0.214 Thread 0x000002683e29b7b0 Uncommon trap: trap_request=0xffffffde fr.pc=0x0000026846008878 relative=0x0000000000000078
Event: 0.214 Thread 0x000002683e29b7b0 Uncommon trap: reason=class_check action=maybe_recompile pc=0x0000026846008878 method=jdk.jfr.EventSettings$InternalAccess.getType(Ljava/lang/Object;)Ljdk/jfr/internal/Type; @ 18 c2
Event: 0.214 Thread 0x000002683e29b7b0 DEOPT PACKING pc=0x0000026846008878 sp=0x000000e3763fe440
Event: 0.214 Thread 0x000002683e29b7b0 DEOPT UNPACKING pc=0x00000268459afc82 sp=0x000000e3763fe3d8 mode 2
Event: 0.252 Thread 0x000002683e29b7b0 Uncommon trap: trap_request=0xffffff45 fr.pc=0x0000026846026218 relative=0x0000000000000218
Event: 0.252 Thread 0x000002683e29b7b0 Uncommon trap: reason=unstable_if action=reinterpret pc=0x0000026846026218 method=java.io.ByteArrayOutputStream.ensureCapacity(I)V @ 11 c2
Event: 0.252 Thread 0x000002683e29b7b0 DEOPT PACKING pc=0x0000026846026218 sp=0x000000e3763fe2d0
Event: 0.252 Thread 0x000002683e29b7b0 DEOPT UNPACKING pc=0x00000268459afc82 sp=0x000000e3763fe218 mode 2
Event: 0.254 Thread 0x000002683e29b7b0 Uncommon trap: trap_request=0xffffff45 fr.pc=0x0000026846026af0 relative=0x00000000000003f0
Event: 0.254 Thread 0x000002683e29b7b0 Uncommon trap: reason=unstable_if action=reinterpret pc=0x0000026846026af0 method=java.io.ByteArrayOutputStream.ensureCapacity(I)V @ 11 c2
Event: 0.254 Thread 0x000002683e29b7b0 DEOPT PACKING pc=0x0000026846026af0 sp=0x000000e3763fe120
Event: 0.254 Thread 0x000002683e29b7b0 DEOPT UNPACKING pc=0x00000268459afc82 sp=0x000000e3763fe010 mode 2

Classes loaded (20 events):
Event: 0.255 Loading class jdk/jfr/internal/consumer/RepositoryFiles
Event: 0.255 Loading class jdk/jfr/internal/consumer/RepositoryFiles done
Event: 0.257 Loading class jdk/jfr/internal/SettingsManager$InternalSetting
Event: 0.257 Loading class jdk/jfr/internal/SettingsManager$InternalSetting done
Event: 0.258 Loading class jdk/jfr/internal/util/Rate
Event: 0.258 Loading class jdk/jfr/internal/util/Rate done
Event: 0.258 Loading class jdk/jfr/internal/util/TimespanUnit
Event: 0.258 Loading class jdk/jfr/internal/util/TimespanUnit done
Event: 0.258 Loading class jdk/jfr/internal/util/ValueParser
Event: 0.258 Loading class jdk/jfr/internal/util/ValueParser done
Event: 0.259 Loading class jdk/jfr/internal/util/TimespanRate
Event: 0.259 Loading class jdk/jfr/internal/util/TimespanRate done
Event: 0.259 Loading class java/util/TreeSet
Event: 0.260 Loading class java/util/TreeSet done
Event: 0.260 Loading class java/util/TreeMap$KeySet
Event: 0.260 Loading class java/util/TreeMap$KeySet done
Event: 0.260 Loading class java/util/TreeMap$KeyIterator
Event: 0.260 Loading class java/util/TreeMap$KeyIterator done
Event: 0.260 Loading class jdk/jfr/internal/periodic/PeriodicType
Event: 0.260 Loading class jdk/jfr/internal/periodic/PeriodicType done

Classes unloaded (0 events):
No events

Classes redefined (0 events):
No events

Internal exceptions (15 events):
Event: 0.067 Thread 0x000002683e29b7b0 Exception <a 'java/lang/NoSuchMethodError'{0x0000000710f34e10}: 'void java.lang.invoke.DirectMethodHandle$Holder.invokeStatic(java.lang.Object, java.lang.Object, java.lang.Object)'> (0x0000000710f34e10) 
thrown [s\open\src\hotspot\share\interpreter\linkResolver.cpp, line 804]
Event: 0.072 Thread 0x000002683e29b7b0 Exception <a 'java/lang/NoSuchMethodError'{0x0000000710f69ca8}: 'java.lang.Object java.lang.invoke.Invokers$Holder.invokeExact_MT(java.lang.Object, java.lang.Object, java.lang.Object, java.lang.Object, java.lang.Object)'> (0x0000000710f69ca8) 
thrown [s\open\src\hotspot\share\interpreter\linkResolver.cpp, line 804]
Event: 0.083 Thread 0x00000268565b9240 Exception <a 'java/lang/NoSuchMethodError'{0x0000000710ff8bb8}: 'java.lang.Object java.lang.invoke.DirectMethodHandle$Holder.invokeStaticInit(java.lang.Object)'> (0x0000000710ff8bb8) 
thrown [s\open\src\hotspot\share\interpreter\linkResolver.cpp, line 804]
Event: 0.086 Thread 0x00000268565b9240 Exception <a 'java/lang/NoSuchMethodError'{0x0000000710c03ca0}: 'void java.lang.invoke.DirectMethodHandle$Holder.invokeStatic(java.lang.Object, java.lang.Object)'> (0x0000000710c03ca0) 
thrown [s\open\src\hotspot\share\interpreter\linkResolver.cpp, line 804]
Event: 0.132 Thread 0x000002683e29b7b0 Exception <a 'java/lang/NoSuchMethodError'{0x0000000710a10b38}: 'void java.lang.invoke.DirectMethodHandle$Holder.invokeStaticInit(java.lang.Object)'> (0x0000000710a10b38) 
thrown [s\open\src\hotspot\share\interpreter\linkResolver.cpp, line 804]
Event: 0.141 Thread 0x000002683e29b7b0 Exception <a 'java/lang/NoSuchMethodError'{0x0000000710a80810}: 'void java.lang.invoke.DirectMethodHandle$Holder.invokeSpecial(java.lang.Object, java.lang.Object, java.lang.Object)'> (0x0000000710a80810) 
thrown [s\open\src\hotspot\share\interpreter\linkResolver.cpp, line 804]
Event: 0.150 Thread 0x000002683e29b7b0 Exception <a 'java/lang/NoSuchMethodError'{0x0000000710ae7f18}: 'java.lang.Object java.lang.invoke.DirectMethodHandle$Holder.newInvokeSpecial(java.lang.Object, java.lang.Object, java.lang.Object, java.lang.Object, java.lang.Object)'> (0x0000000710ae7f18) 
thrown [s\open\src\hotspot\share\interpreter\linkResolver.cpp, line 804]
Event: 0.176 Thread 0x000002683e29b7b0 Exception <a 'java/lang/NoSuchMethodError'{0x00000007108775c0}: 'long java.lang.invoke.DirectMethodHandle$Holder.invokeVirtual(java.lang.Object, java.lang.Object)'> (0x00000007108775c0) 
thrown [s\open\src\hotspot\share\interpreter\linkResolver.cpp, line 804]
Event: 0.177 Thread 0x000002683e29b7b0 Exception <a 'java/lang/NoSuchMethodError'{0x0000000710886d00}: 'int java.lang.invoke.DirectMethodHandle$Holder.invokeStatic(java.lang.Object, java.lang.Object, java.lang.Object, java.lang.Object)'> (0x0000000710886d00) 
thrown [s\open\src\hotspot\share\interpreter\linkResolver.cpp, line 804]
Event: 0.234 Thread 0x000002683e29b7b0 Exception <a 'java/lang/NoSuchMethodError'{0x00000007105c0cc8}: 'void java.lang.invoke.DirectMethodHandle$Holder.invokeSpecial(java.lang.Object, java.lang.Object, int)'> (0x00000007105c0cc8) 
thrown [s\open\src\hotspot\share\interpreter\linkResolver.cpp, line 804]
Event: 0.235 Thread 0x000002683e29b7b0 Exception <a 'java/lang/NoSuchMethodError'{0x00000007105c8920}: 'void java.lang.invoke.Invokers$Holder.invokeExact_MT(java.lang.Object, int, java.lang.Object)'> (0x00000007105c8920) 
thrown [s\open\src\hotspot\share\interpreter\linkResolver.cpp, line 804]
Event: 0.236 Thread 0x000002685c11c200 Exception <a 'java/lang/NoSuchMethodError'{0x00000007105f0c08}: 'long java.lang.invoke.DirectMethodHandle$Holder.invokeSpecial(java.lang.Object, java.lang.Object)'> (0x00000007105f0c08) 
thrown [s\open\src\hotspot\share\interpreter\linkResolver.cpp, line 804]
Event: 0.238 Thread 0x000002683e29b7b0 Exception <a 'sun/nio/fs/WindowsException'{0x00000007102f7f60}> (0x00000007102f7f60) 
thrown [s\open\src\hotspot\share\prims\jni.cpp, line 516]
Event: 0.239 Thread 0x000002683e29b7b0 Exception <a 'sun/nio/fs/WindowsException'{0x00000007102fd800}> (0x00000007102fd800) 
thrown [s\open\src\hotspot\share\prims\jni.cpp, line 516]
Event: 0.241 Thread 0x000002683e29b7b0 Exception <a 'sun/nio/fs/WindowsException'{0x00000007103000d8}> (0x00000007103000d8) 
thrown [s\open\src\hotspot\share\prims\jni.cpp, line 516]

VM Operations (8 events):
Event: 0.049 Executing non-safepoint VM operation: HandshakeAllThreads (Deoptimize)
Event: 0.049 Executing non-safepoint VM operation: HandshakeAllThreads (Deoptimize) done
Event: 0.237 Executing non-safepoint VM operation: HandshakeAllThreads (Deoptimize)
Event: 0.237 Executing non-safepoint VM operation: HandshakeAllThreads (Deoptimize) done
Event: 0.237 Executing non-safepoint VM operation: HandshakeAllThreads (Deoptimize)
Event: 0.237 Executing non-safepoint VM operation: HandshakeAllThreads (Deoptimize) done
Event: 0.256 Executing safepoint VM operation: JFRSafepointClear
Event: 0.256 Executing safepoint VM operation: JFRSafepointClear done

Memory protections (0 events):
No events

Nmethod flushes (0 events):
No events

Events (18 events):
Event: 0.028 Thread 0x000002683e29b7b0 Thread added: 0x000002683e29b7b0
Event: 0.035 Thread 0x000002683e29b7b0 Thread added: 0x000002683e413ab0
Event: 0.035 Thread 0x000002683e29b7b0 Thread added: 0x000002683e4143c0
Event: 0.035 Thread 0x000002683e29b7b0 Thread added: 0x000002683e4183b0
Event: 0.035 Thread 0x000002683e29b7b0 Thread added: 0x000002683e41b4a0
Event: 0.035 Thread 0x000002683e29b7b0 Thread added: 0x000002683e41cdf0
Event: 0.035 Thread 0x000002683e29b7b0 Thread added: 0x000002683e41e870
Event: 0.035 Thread 0x000002683e29b7b0 Thread added: 0x000002683e425510
Event: 0.035 Thread 0x000002683e29b7b0 Thread added: 0x000002683e4342a0
Event: 0.038 Thread 0x000002683e4342a0 Thread added: 0x0000026856431820
Event: 0.049 Thread 0x000002683e4342a0 Thread added: 0x0000026856432030
Event: 0.053 Thread 0x000002683e425510 Thread added: 0x0000026856434070
Event: 0.060 Thread 0x000002683e29b7b0 Thread added: 0x0000026856543540
Event: 0.073 Thread 0x000002683e29b7b0 Thread added: 0x00000268565b9240
Event: 0.125 Thread 0x0000026856432030 Thread added: 0x0000026856435090
Event: 0.130 Thread 0x000002683e29b7b0 Thread added: 0x0000026856a1b7e0
Event: 0.145 Thread 0x0000026856431820 Thread added: 0x00000268564370d0
Event: 0.236 Thread 0x000002683e29b7b0 Thread added: 0x000002685c11c200


Dynamic libraries:
0x00007ff778c50000 - 0x00007ff778c5e000 	C:\Users\darys\.jdks\openjdk-25\bin\java.exe
0x00007ff92fce0000 - 0x00007ff92ff48000 	C:\WINDOWS\SYSTEM32\ntdll.dll
0x00007ff92e500000 - 0x00007ff92e5c9000 	C:\WINDOWS\System32\KERNEL32.DLL
0x00007ff92ce70000 - 0x00007ff92d262000 	C:\WINDOWS\System32\KERNELBASE.dll
0x00007ff92d4f0000 - 0x00007ff92d63b000 	C:\WINDOWS\System32\ucrtbase.dll
0x00007ff910440000 - 0x00007ff91045e000 	C:\Users\darys\.jdks\openjdk-25\bin\VCRUNTIME140.dll
0x00007ff927f40000 - 0x00007ff927f57000 	C:\Users\darys\.jdks\openjdk-25\bin\jli.dll
0x00007ff92dca0000 - 0x00007ff92de65000 	C:\WINDOWS\System32\USER32.dll
0x00007ff9163f0000 - 0x00007ff916683000 	C:\WINDOWS\WinSxS\amd64_microsoft.windows.common-controls_6595b64144ccf1df_6.0.26100.6899_none_3e0efeeae32e88c1\COMCTL32.dll
0x00007ff92d9c0000 - 0x00007ff92d9e7000 	C:\WINDOWS\System32\win32u.dll
0x00007ff92f100000 - 0x00007ff92f1a9000 	C:\WINDOWS\System32\msvcrt.dll
0x00007ff92e1d0000 - 0x00007ff92e1fb000 	C:\WINDOWS\System32\GDI32.dll
0x00007ff92d270000 - 0x00007ff92d39d000 	C:\WINDOWS\System32\gdi32full.dll
0x00007ff92d3a0000 - 0x00007ff92d443000 	C:\WINDOWS\System32\msvcp_win.dll
0x00007ff92dfe0000 - 0x00007ff92e00f000 	C:\WINDOWS\System32\IMM32.DLL
0x00007ff914ad0000 - 0x00007ff914adc000 	C:\Users\darys\.jdks\openjdk-25\bin\vcruntime140_1.dll
0x00007ff8cbec0000 - 0x00007ff8cbf4d000 	C:\Users\darys\.jdks\openjdk-25\bin\msvcp140.dll
0x00007ff859310000 - 0x00007ff85a16f000 	C:\Users\darys\.jdks\openjdk-25\bin\server\jvm.dll
0x00007ff92f1b0000 - 0x00007ff92f264000 	C:\WINDOWS\System32\ADVAPI32.dll
0x00007ff92e120000 - 0x00007ff92e1c6000 	C:\WINDOWS\System32\sechost.dll
0x00007ff92f700000 - 0x00007ff92f818000 	C:\WINDOWS\System32\RPCRT4.dll
0x00007ff92f8f0000 - 0x00007ff92f964000 	C:\WINDOWS\System32\WS2_32.dll
0x00007ff92cb30000 - 0x00007ff92cb8e000 	C:\WINDOWS\SYSTEM32\POWRPROF.dll
0x00007ff926620000 - 0x00007ff92662b000 	C:\WINDOWS\SYSTEM32\VERSION.dll
0x00007ff91f4f0000 - 0x00007ff91f525000 	C:\WINDOWS\SYSTEM32\WINMM.dll
0x00007ff92cb10000 - 0x00007ff92cb24000 	C:\WINDOWS\SYSTEM32\UMPDC.dll
0x00007ff92bc40000 - 0x00007ff92bc5b000 	C:\WINDOWS\SYSTEM32\kernel.appcore.dll
0x00007ff902750000 - 0x00007ff90275a000 	C:\Users\darys\.jdks\openjdk-25\bin\jimage.dll
0x00007ff91bb80000 - 0x00007ff91bdc2000 	C:\WINDOWS\SYSTEM32\DBGHELP.DLL
0x00007ff92e5d0000 - 0x00007ff92e94b000 	C:\WINDOWS\System32\combase.dll
0x00007ff92df00000 - 0x00007ff92dfd7000 	C:\WINDOWS\System32\OLEAUT32.dll
0x00007ff9167b0000 - 0x00007ff9167ec000 	C:\WINDOWS\SYSTEM32\dbgcore.DLL
0x00007ff92d450000 - 0x00007ff92d4e8000 	C:\WINDOWS\System32\bcryptPrimitives.dll
0x00007ff902530000 - 0x00007ff902540000 	C:\Users\darys\.jdks\openjdk-25\bin\instrument.dll
0x00007ff8fa4b0000 - 0x00007ff8fa4cf000 	C:\Users\darys\.jdks\openjdk-25\bin\java.dll
0x00007ff92e200000 - 0x00007ff92e398000 	C:\WINDOWS\System32\ole32.dll
0x00007ff92e950000 - 0x00007ff92f09d000 	C:\WINDOWS\System32\SHELL32.dll
0x00007ff92d850000 - 0x00007ff92d9bb000 	C:\WINDOWS\System32\wintypes.dll
0x00007ff872bb0000 - 0x00007ff872da8000 	C:\Users\darys\AppData\Local\Temp\idea_libasyncProfiler_dll_temp_folder\libasyncProfiler.dll
0x00007ff92ab00000 - 0x00007ff92b35d000 	C:\WINDOWS\SYSTEM32\windows.storage.dll
0x00007ff92e3a0000 - 0x00007ff92e492000 	C:\WINDOWS\System32\SHCORE.dll
0x00007ff92de90000 - 0x00007ff92def2000 	C:\WINDOWS\System32\shlwapi.dll
0x00007ff92cd90000 - 0x00007ff92cdb9000 	C:\WINDOWS\SYSTEM32\profapi.dll
0x00007ff8e0760000 - 0x00007ff8e0777000 	C:\Users\darys\.jdks\openjdk-25\bin\zip.dll
0x00007ff8fa490000 - 0x00007ff8fa4a2000 	C:\Users\darys\.jdks\openjdk-25\bin\net.dll
0x00007ff92c1b0000 - 0x00007ff92c21b000 	C:\WINDOWS\system32\mswsock.dll
0x00007ff8f4d90000 - 0x00007ff8f4da6000 	C:\Users\darys\.jdks\openjdk-25\bin\nio.dll
0x00007ff900d30000 - 0x00007ff900d39000 	C:\Users\darys\.jdks\openjdk-25\bin\extnet.dll

JVMTI agents:
C:\Program Files\JetBrains\IntelliJ IDEA 2025.1.1.1\lib\idea_rt.jar path:C:\Users\darys\.jdks\openjdk-25\bin\instrument.dll, loaded, initialized, instrumentlib options:55840
C:\Users\darys\AppData\Local\Temp\idea_libasyncProfiler_dll_temp_folder\libasyncProfiler.dll path:C:\Users\darys\AppData\Local\Temp\idea_libasyncProfiler_dll_temp_folder\libasyncProfiler.dll, loaded, initialized, options:start,jfr,event=wall,interval=10ms,jfrsync=profile,cstack=no,file=C:\Users\darys\IdeaSnapshots\Main_2025_10_19_145450.jfr,dbghelppath=C:\Users\darys\AppData\Local\Temp\idea_dbghelp_dll_temp_folder\dbghelp.dll,log=C:\Users\darys\AppData\Local\Temp\Main_2025_10_19_145450.jfr.log.txt,logLevel=DEBUG

dbghelp: loaded successfully - version: 4.0.5 - missing functions: none
symbol engine: initialized successfully - sym options: 0x614 - pdb path: .;C:\Users\darys\.jdks\openjdk-25\bin;C:\WINDOWS\SYSTEM32;C:\WINDOWS\WinSxS\amd64_microsoft.windows.common-controls_6595b64144ccf1df_6.0.26100.6899_none_3e0efeeae32e88c1;C:\Users\darys\.jdks\openjdk-25\bin\server;C:\Users\darys\AppData\Local\Temp\idea_libasyncProfiler_dll_temp_folder

VM Arguments:
jvm_args: -javaagent:C:\Program Files\JetBrains\IntelliJ IDEA 2025.1.1.1\lib\idea_rt.jar=55840 -agentpath:C:\Users\darys\AppData\Local\Temp\idea_libasyncProfiler_dll_temp_folder\libasyncProfiler.dll=start,jfr,event=wall,interval=10ms,jfrsync=profile,cstack=no,file=C:\Users\darys\IdeaSnapshots\Main_2025_10_19_145450.jfr,dbghelppath=C:\Users\darys\AppData\Local\Temp\idea_dbghelp_dll_temp_folder\dbghelp.dll,log=C:\Users\darys\AppData\Local\Temp\Main_2025_10_19_145450.jfr.log.txt,logLevel=DEBUG -Dfile.encoding=UTF-8 -Dsun.stdout.encoding=UTF-8 -Dsun.stderr.encoding=UTF-8 
java_command: com.ddv.Main
java_class_path (initial): C:\Users\darys\IdeaProjects\gotosenior\target\classes
Launcher Type: SUN_STANDARD

[Global flags]
     intx CICompilerCount                          = 12                                        {product} {ergonomic}
     uint ConcGCThreads                            = 3                                         {product} {ergonomic}
     bool FlightRecorder                           = true                                      {product} {management}
     uint G1ConcRefinementThreads                  = 13                                        {product} {ergonomic}
   size_t G1HeapRegionSize                         = 2097152                                   {product} {ergonomic}
   size_t InitialHeapSize                          = 268435456                                 {product} {ergonomic}
   size_t MarkStackSize                            = 4194304                                   {product} {ergonomic}
   size_t MarkStackSizeMax                         = 536870912                                 {product} {ergonomic}
   size_t MaxHeapSize                              = 4276092928                                {product} {ergonomic}
   size_t MaxNewSize                               = 2564816896                                {product} {ergonomic}
   size_t MinHeapDeltaBytes                        = 2097152                                   {product} {ergonomic}
   size_t MinHeapSize                              = 8388608                                   {product} {ergonomic}
    uintx NonNMethodCodeHeapSize                   = 7602176                                {pd product} {ergonomic}
    uintx NonProfiledCodeHeapSize                  = 122093568                              {pd product} {ergonomic}
    uintx ProfiledCodeHeapSize                     = 121962496                              {pd product} {ergonomic}
    uintx ReservedCodeCacheSize                    = 251658240                              {pd product} {ergonomic}
     bool SegmentedCodeCache                       = true                                      {product} {ergonomic}
   size_t SoftMaxHeapSize                          = 4276092928                             {manageable} {ergonomic}
     bool UseCompressedOops                        = true                           {product lp64_product} {ergonomic}
     bool UseG1GC                                  = true                                      {product} {ergonomic}
     bool UseLargePagesIndividualAllocation        = false                                  {pd product} {ergonomic}

Logging:
Log output configuration:
 #0: stdout all=warning uptime,level,tags foldmultilines=false
 #1: stderr all=off uptime,level,tags foldmultilines=false

Release file:
<release file has not been read>
Environment Variables:
PATH=C:\WINDOWS\system32;C:\WINDOWS;C:\WINDOWS\System32\Wbem;C:\WINDOWS\System32\WindowsPowerShell\v1.0\;C:\WINDOWS\System32\OpenSSH\;C:\Program Files\Git\cmd;C:\Program Files\WireGuard\;C:\Program Files\AmneziaWG\;C:\Program Files\dotnet\;C:\Users\darys\AppData\Local\Microsoft\WindowsApps;;C:\Program Files\JetBrains\IntelliJ IDEA 2025.1.1.1\bin;
USERNAME=darys
OS=Windows_NT
PROCESSOR_IDENTIFIER=AMD64 Family 25 Model 33 Stepping 2, AuthenticAMD
TMP=C:\Users\darys\AppData\Local\Temp
TEMP=C:\Users\darys\AppData\Local\Temp




Compilation memory statistics disabled.

Periodic native trim disabled

---------------  S Y S T E M  ---------------

OS:
 Windows 11 , 64 bit Build 26100 (10.0.26100.6725)
OS uptime: 2 days 6:07 hours

CPU: total 16 (initial active 16) (16 cores per cpu, 2 threads per core) family 25 model 33 stepping 2 microcode 0xa20120a, cx8, cmov, fxsr, ht, mmx, 3dnowpref, sse, sse2, sse3, ssse3, sse4a, sse4.1, sse4.2, popcnt, lzcnt, tsc, tscinvbit, avx, avx2, aes, erms, clmul, bmi1, bmi2, adx, sha, fma, vzeroupper, clflush, clflushopt, clwb, rdtscp, rdpid, fsrm, f16c, pku, cet_ss
Processor Information for the first 16 processors :
  Max Mhz: 3001, Current Mhz: 3001, Mhz Limit: 3001

Memory: 4k page, system-wide physical 16307M (4010M free)
TotalPageFile size 34739M (AvailPageFile size 13999M)
current process WorkingSet (physical memory assigned to process): 77M, peak: 79M
current process commit charge ("private bytes"): 397M, peak: 401M

vm_info: OpenJDK 64-Bit Server VM (25+36-3489) for windows-amd64 JRE (25+36-3489), built on 2025-08-12T17:19:28Z with unknown MS VC++:1943

END.
